<?xml version="1.0" encoding="utf-8"?><testsuites><testsuite name="pytest" errors="0" failures="0" skipped="4" tests="8" time="0.159" timestamp="2022-07-24T23:56:20.172737" hostname="black.local"><testcase classname="tests.tests_pytorch.trainer.test_config_validator" name="test_wrong_train_setting" time="0.036" /><testcase classname="tests.tests_pytorch.trainer.test_config_validator" name="test_wrong_configure_optimizers" time="0.018" /><testcase classname="tests.tests_pytorch.trainer.test_config_validator" name="test_fit_val_loop_config" time="0.064" /><testcase classname="tests.tests_pytorch.trainer.test_config_validator" name="test_eval_loop_config" time="0.018" /><testcase classname="tests.tests_pytorch.trainer.test_config_validator" name="test_trainer_predict_verify_config[False]" time="0.000"><skipped type="pytest.skip" message="unconditional skip">/Users/nitta/work/github.com/Lightning-AI/lightning/tests/tests_pytorch/trainer/test_config_validator.py:116: unconditional skip</skipped></testcase><testcase classname="tests.tests_pytorch.trainer.test_config_validator" name="test_trainer_predict_verify_config[True]" time="0.000"><skipped type="pytest.skip" message="unconditional skip">/Users/nitta/work/github.com/Lightning-AI/lightning/tests/tests_pytorch/trainer/test_config_validator.py:116: unconditional skip</skipped></testcase><testcase classname="tests.tests_pytorch.trainer.test_config_validator" name="test_trainer_manual_optimization_config" time="0.000"><skipped type="pytest.skip" message="unconditional skip">/Users/nitta/work/github.com/Lightning-AI/lightning/tests/tests_pytorch/trainer/test_config_validator.py:150: unconditional skip</skipped></testcase><testcase classname="tests.tests_pytorch.trainer.test_config_validator" name="test_invalid_setup_method" time="0.000"><skipped type="pytest.skip" message="unconditional skip">/Users/nitta/work/github.com/Lightning-AI/lightning/tests/tests_pytorch/trainer/test_config_validator.py:165: unconditional skip</skipped></testcase></testsuite></testsuites>