<?xml version="1.0" encoding="utf-8"?><testsuites><testsuite name="pytest" errors="0" failures="0" skipped="3" tests="8" time="0.177" timestamp="2022-07-24T23:55:24.645731" hostname="black.local"><testcase classname="tests.tests_pytorch.trainer.test_config_validator" name="test_wrong_train_setting" time="0.000"><skipped type="pytest.skip" message="unconditional skip">/Users/nitta/work/github.com/Lightning-AI/lightning/tests/tests_pytorch/trainer/test_config_validator.py:24: unconditional skip</skipped></testcase><testcase classname="tests.tests_pytorch.trainer.test_config_validator" name="test_wrong_configure_optimizers" time="0.000"><skipped type="pytest.skip" message="unconditional skip">/Users/nitta/work/github.com/Lightning-AI/lightning/tests/tests_pytorch/trainer/test_config_validator.py:43: unconditional skip</skipped></testcase><testcase classname="tests.tests_pytorch.trainer.test_config_validator" name="test_fit_val_loop_config" time="0.000"><skipped type="pytest.skip" message="unconditional skip">/Users/nitta/work/github.com/Lightning-AI/lightning/tests/tests_pytorch/trainer/test_config_validator.py:54: unconditional skip</skipped></testcase><testcase classname="tests.tests_pytorch.trainer.test_config_validator" name="test_eval_loop_config" time="0.022" /><testcase classname="tests.tests_pytorch.trainer.test_config_validator" name="test_trainer_predict_verify_config[False]" time="0.028" /><testcase classname="tests.tests_pytorch.trainer.test_config_validator" name="test_trainer_predict_verify_config[True]" time="0.021" /><testcase classname="tests.tests_pytorch.trainer.test_config_validator" name="test_trainer_manual_optimization_config" time="0.032" /><testcase classname="tests.tests_pytorch.trainer.test_config_validator" name="test_invalid_setup_method" time="0.049" /></testsuite></testsuites>